<?xml version="1.0" encoding="UTF-8"?>
<testng-results skipped="0" failed="0" ignored="0" total="2" passed="2">
  <reporter-output>
  </reporter-output>
  <suite name="Hybrid_Framwork" duration-ms="127267" started-at="2020-12-15T11:46:55Z" finished-at="2020-12-15T11:49:02Z">
    <groups>
    </groups>
    <test name="BankingApp Test1" duration-ms="127267" started-at="2020-12-15T11:46:55Z" finished-at="2020-12-15T11:49:02Z">
      <class name="com.hybrid.testCase.TC_LoginText_001">
        <test-method status="PASS" signature="setup(java.lang.String)[pri:0, instance:com.hybrid.testCase.TC_LoginText_001@5b464ce8]" name="setup" is-config="true" duration-ms="40606" started-at="2020-12-15T11:46:55Z" finished-at="2020-12-15T11:47:36Z">
          <params>
            <param index="0">
              <value>
                <![CDATA[chrome]]>
              </value>
            </param>
          </params>
          <reporter-output>
          </reporter-output>
        </test-method> <!-- setup -->
        <test-method status="PASS" signature="loginTest()[pri:0, instance:com.hybrid.testCase.TC_LoginText_001@5b464ce8]" name="loginTest" duration-ms="17342" started-at="2020-12-15T11:47:36Z" finished-at="2020-12-15T11:47:53Z">
          <reporter-output>
          </reporter-output>
        </test-method> <!-- loginTest -->
        <test-method status="PASS" signature="tearDown()[pri:0, instance:com.hybrid.testCase.TC_LoginText_001@5b464ce8]" name="tearDown" is-config="true" duration-ms="1080" started-at="2020-12-15T11:47:54Z" finished-at="2020-12-15T11:47:55Z">
          <reporter-output>
          </reporter-output>
        </test-method> <!-- tearDown -->
      </class> <!-- com.hybrid.testCase.TC_LoginText_001 -->
      <class name="com.hybrid.testCase.TC_AddCustomerTest_003">
        <test-method status="PASS" signature="setup(java.lang.String)[pri:0, instance:com.hybrid.testCase.TC_AddCustomerTest_003@57829d67]" name="setup" is-config="true" duration-ms="35367" started-at="2020-12-15T11:47:55Z" finished-at="2020-12-15T11:48:30Z">
          <params>
            <param index="0">
              <value>
                <![CDATA[chrome]]>
              </value>
            </param>
          </params>
          <reporter-output>
          </reporter-output>
        </test-method> <!-- setup -->
        <test-method status="PASS" signature="addNewCustomer()[pri:0, instance:com.hybrid.testCase.TC_AddCustomerTest_003@57829d67]" name="addNewCustomer" duration-ms="31347" started-at="2020-12-15T11:48:30Z" finished-at="2020-12-15T11:49:01Z">
          <reporter-output>
          </reporter-output>
        </test-method> <!-- addNewCustomer -->
        <test-method status="PASS" signature="tearDown()[pri:0, instance:com.hybrid.testCase.TC_AddCustomerTest_003@57829d67]" name="tearDown" is-config="true" duration-ms="949" started-at="2020-12-15T11:49:01Z" finished-at="2020-12-15T11:49:02Z">
          <reporter-output>
          </reporter-output>
        </test-method> <!-- tearDown -->
      </class> <!-- com.hybrid.testCase.TC_AddCustomerTest_003 -->
    </test> <!-- BankingApp Test1 -->
  </suite> <!-- Hybrid_Framwork -->
</testng-results>
